生成启动时间为 2021/3/31 20:07:57。
     1>项目“C:\Users\Administrator\Desktop\game02\game02\game02.vcxproj”在节点 2 上(build 个目标)。
     1>InitializeBuildStatus:
         正在创建“Debug\game02.unsuccessfulbuild”，因为已指定“AlwaysCreate”。
       ClCompile:
         C:\Program Files (x86)\Microsoft Visual Studio 10.0\VC\bin\CL.exe /c /ZI /nologo /W3 /WX- /Od /Oy- /D _MBCS /Gm /EHsc /RTC1 /MDd /GS /fp:precise /Zc:wchar_t /Zc:forScope /Fo"Debug\\" /Fd"Debug\vc100.pdb" /Gd /TC /analyze- /errorReport:prompt Test01.c game.c
         game.c
         Test01.c
         正在生成代码...
       Link:
         C:\Program Files (x86)\Microsoft Visual Studio 10.0\VC\bin\link.exe /ERRORREPORT:PROMPT /OUT:"C:\Users\Administrator\Desktop\game02\Debug\game02.exe" /NOLOGO kernel32.lib user32.lib gdi32.lib winspool.lib comdlg32.lib advapi32.lib shell32.lib ole32.lib oleaut32.lib uuid.lib odbc32.lib odbccp32.lib /MANIFEST /ManifestFile:"Debug\game02.exe.intermediate.manifest" /MANIFESTUAC:"level='asInvoker' uiAccess='false'" /DEBUG /PDB:"C:\Users\Administrator\Desktop\game02\Debug\game02.pdb" /SUBSYSTEM:CONSOLE /TLBID:1 /DYNAMICBASE /NXCOMPAT /IMPLIB:"C:\Users\Administrator\Desktop\game02\Debug\game02.lib" /MACHINE:X86 Debug\game.obj
         Debug\Test01.obj
         LINK : 没有找到 C:\Users\Administrator\Desktop\game02\Debug\game02.exe 或上一个增量链接没有生成它；正在执行完全链接
         game02.vcxproj -> C:\Users\Administrator\Desktop\game02\Debug\game02.exe
       Manifest:
         C:\Program Files (x86)\Microsoft SDKs\Windows\v7.0A\bin\mt.exe /nologo /verbose /outputresource:"C:\Users\Administrator\Desktop\game02\Debug\game02.exe;#1" /manifest Debug\game02.exe.intermediate.manifest
       FinalizeBuildStatus:
         正在删除文件“Debug\game02.unsuccessfulbuild”。
         正在对“Debug\game02.lastbuildstate”执行 Touch 任务。
     1>已完成生成项目“C:\Users\Administrator\Desktop\game02\game02\game02.vcxproj”(build 个目标)的操作。

生成成功。

已用时间 00:00:00.45
