生成启动时间为 2021/3/12 16:36:14。
     1>项目“C:\Users\Administrator\Desktop\MyProject04\MyProject04\MyProject04.vcxproj”在节点 2 上(build 个目标)。
     1>InitializeBuildStatus:
         正在创建“Debug\MyProject04.unsuccessfulbuild”，因为已指定“AlwaysCreate”。
       ClCompile:
         C:\Program Files (x86)\Microsoft Visual Studio 10.0\VC\bin\CL.exe /c /ZI /nologo /W3 /WX- /Od /Oy- /D _MBCS /Gm /EHsc /RTC1 /MDd /GS /fp:precise /Zc:wchar_t /Zc:forScope /Fo"Debug\\" /Fd"Debug\vc100.pdb" /Gd /TC /analyze- /errorReport:prompt Test01.c
         Test01.c
     1>c:\users\administrator\desktop\myproject04\myproject04\test01.c(26): warning C4996: 'scanf': This function or variable may be unsafe. Consider using scanf_s instead. To disable deprecation, use _CRT_SECURE_NO_WARNINGS. See online help for details.
                 c:\program files (x86)\microsoft visual studio 10.0\vc\include\stdio.h(304) : 参见“scanf”的声明
     1>c:\users\administrator\desktop\myproject04\myproject04\test01.c(43): warning C4996: 'scanf': This function or variable may be unsafe. Consider using scanf_s instead. To disable deprecation, use _CRT_SECURE_NO_WARNINGS. See online help for details.
                 c:\program files (x86)\microsoft visual studio 10.0\vc\include\stdio.h(304) : 参见“scanf”的声明
       Link:
         C:\Program Files (x86)\Microsoft Visual Studio 10.0\VC\bin\link.exe /ERRORREPORT:PROMPT /OUT:"C:\Users\Administrator\Desktop\MyProject04\Debug\MyProject04.exe" /NOLOGO kernel32.lib user32.lib gdi32.lib winspool.lib comdlg32.lib advapi32.lib shell32.lib ole32.lib oleaut32.lib uuid.lib odbc32.lib odbccp32.lib /MANIFEST /ManifestFile:"Debug\MyProject04.exe.intermediate.manifest" /MANIFESTUAC:"level='asInvoker' uiAccess='false'" /DEBUG /PDB:"C:\Users\Administrator\Desktop\MyProject04\Debug\MyProject04.pdb" /SUBSYSTEM:CONSOLE /TLBID:1 /DYNAMICBASE /NXCOMPAT /IMPLIB:"C:\Users\Administrator\Desktop\MyProject04\Debug\MyProject04.lib" /MACHINE:X86 Debug\Test01.obj
         LINK : 没有找到 C:\Users\Administrator\Desktop\MyProject04\Debug\MyProject04.exe 或上一个增量链接没有生成它；正在执行完全链接
         MyProject04.vcxproj -> C:\Users\Administrator\Desktop\MyProject04\Debug\MyProject04.exe
       Manifest:
         C:\Program Files (x86)\Microsoft SDKs\Windows\v7.0A\bin\mt.exe /nologo /verbose /outputresource:"C:\Users\Administrator\Desktop\MyProject04\Debug\MyProject04.exe;#1" /manifest Debug\MyProject04.exe.intermediate.manifest
       FinalizeBuildStatus:
         正在删除文件“Debug\MyProject04.unsuccessfulbuild”。
         正在对“Debug\MyProject04.lastbuildstate”执行 Touch 任务。
     1>已完成生成项目“C:\Users\Administrator\Desktop\MyProject04\MyProject04\MyProject04.vcxproj”(build 个目标)的操作。

生成成功。

已用时间 00:00:00.45
